<?xml version="1.0" encoding="UTF-8"?>
<coverage generated="1686655311445" clover="3.2.0">
  <project timestamp="1686655311445" name="All files">
    <metrics statements="29" coveredstatements="29" conditionals="5" coveredconditionals="5" methods="5" coveredmethods="5" elements="39" coveredelements="39" complexity="0" loc="29" ncloc="29" packages="1" files="1" classes="1"/>
    <file name="App.tsx" path="/Users/gurzu/Development/Personal/react-test/src/App.tsx">
      <metrics statements="29" coveredstatements="29" conditionals="5" coveredconditionals="5" methods="5" coveredmethods="5"/>
      <line num="1" count="1" type="stmt"/>
      <line num="2" count="1" type="stmt"/>
      <line num="3" count="1" type="stmt"/>
      <line num="4" count="1" type="stmt"/>
      <line num="5" count="15" type="cond" truecount="1" falsecount="0"/>
      <line num="6" count="15" type="stmt"/>
      <line num="7" count="15" type="stmt"/>
      <line num="8" count="15" type="stmt"/>
      <line num="9" count="15" type="stmt"/>
      <line num="10" count="15" type="stmt"/>
      <line num="11" count="15" type="stmt"/>
      <line num="12" count="15" type="stmt"/>
      <line num="13" count="15" type="stmt"/>
      <line num="14" count="15" type="stmt"/>
      <line num="15" count="15" type="cond" truecount="1" falsecount="0"/>
      <line num="16" count="15" type="stmt"/>
      <line num="17" count="15" type="stmt"/>
      <line num="18" count="15" type="stmt"/>
      <line num="19" count="15" type="stmt"/>
      <line num="20" count="15" type="cond" truecount="1" falsecount="0"/>
      <line num="21" count="15" type="stmt"/>
      <line num="22" count="15" type="cond" truecount="1" falsecount="0"/>
      <line num="23" count="15" type="stmt"/>
      <line num="24" count="15" type="cond" truecount="1" falsecount="0"/>
      <line num="25" count="15" type="stmt"/>
      <line num="26" count="15" type="stmt"/>
      <line num="27" count="15" type="stmt"/>
      <line num="28" count="1" type="stmt"/>
      <line num="29" count="1" type="stmt"/>
    </file>
  </project>
</coverage>
